Arguments: 
  C:\Program Files\nodejs\node.exe C:\Users\NMULTIFIBRA\AppData\Roaming\npm\node_modules\yarn\bin\yarn.js add @types/express-D

PATH: 
  C:\Users\NMULTIFIBRA\bin;C:\Program Files\Git\mingw64\bin;C:\Program Files\Git\usr\local\bin;C:\Program Files\Git\usr\bin;C:\Program Files\Git\usr\bin;C:\Program Files\Git\mingw64\bin;C:\Program Files\Git\usr\bin;C:\Users\NMULTIFIBRA\bin;C:\Program Files (x86)\Common Files\Oracle\Java\javapath;C:\WINDOWS\system32;C:\WINDOWS;C:\WINDOWS\System32\Wbem;C:\WINDOWS\System32\WindowsPowerShell\v1.0;C:\WINDOWS\System32\OpenSSH;C:\Program Files\Git\cmd;C:\Program Files\Java\jdk1.8.0_291\bin;C:\Program Files\nodejs;C:\Program Files\MySQL\MySQL Server 8.0\bin;C:\Program Files\MongoDB\Server\5.0\bin;C:\Program Files\mongosh-1.0.6-win32-x64\bin;C:\Users\NMULTIFIBRA\AppData\Local\Programs\Python\Python39\Scripts;C:\Users\NMULTIFIBRA\AppData\Local\Programs\Python\Python39;C:\Users\NMULTIFIBRA\AppData\Local\Microsoft\WindowsApps;C:\Users\NMULTIFIBRA\AppData\Local\Programs\Microsoft VS Code\bin;C:\Users\NMULTIFIBRA\AppData\Roaming\npm;C:\MinGW\msys\1.0\bin;C:\MinGW\bin;C:\Program Files\MongoDB\Server\5.0\bin;C:\Program Files\mongosh-1.0.6-win32-x64\bin;C:\Program Files\Git\usr\bin\vendor_perl;C:\Program Files\Git\usr\bin\core_perl

Yarn version: 
  1.22.11

Node version: 
  14.17.5

Platform: 
  win32 x64

Trace: 
  Error: https://registry.yarnpkg.com/@types%2fexpress-D: Not found
      at Request.params.callback [as _callback] (C:\Users\NMULTIFIBRA\AppData\Roaming\npm\node_modules\yarn\lib\cli.js:66992:18)
      at Request.self.callback (C:\Users\NMULTIFIBRA\AppData\Roaming\npm\node_modules\yarn\lib\cli.js:140763:22)
      at Request.emit (events.js:400:28)
      at Request.<anonymous> (C:\Users\NMULTIFIBRA\AppData\Roaming\npm\node_modules\yarn\lib\cli.js:141735:10)
      at Request.emit (events.js:400:28)
      at IncomingMessage.<anonymous> (C:\Users\NMULTIFIBRA\AppData\Roaming\npm\node_modules\yarn\lib\cli.js:141657:12)
      at Object.onceWrapper (events.js:519:28)
      at IncomingMessage.emit (events.js:412:35)
      at endReadableNT (internal/streams/readable.js:1317:12)
      at processTicksAndRejections (internal/process/task_queues.js:82:21)

npm manifest: 
  {
    "name": "12_Typescript",
    "version": "1.0.0",
    "main": "index.js",
    "license": "MIT"
  }

yarn manifest: 
  No manifest

Lockfile: 
  No lockfile
